Arguments: 
  /home/vbdev/.nvm/versions/node/v12.16.1/bin/node /mnt/c/Program Files (x86)/Yarn/bin/yarnpkg install

PATH: 
  /home/vbdev/.nvm/versions/node/v12.16.1/bin:/home/vbdev/bin:/usr/local/bin:/usr/local/sbin:/usr/local/bin:/usr/sbin:/usr/bin:/sbin:/bin:/usr/games:/usr/local/games:/mnt/c/Python38/Scripts/:/mnt/c/Python38/:/mnt/c/Program Files (x86)/Common Files/Oracle/Java/javapath:/mnt/c/ProgramData/Oracle/Java/javapath:/mnt/c/WINDOWS/system32:/mnt/c/WINDOWS:/mnt/c/WINDOWS/System32/Wbem:/mnt/c/WINDOWS/System32/WindowsPowerShell/v1.0/:/mnt/c/adb:/mnt/c/WINDOWS/system32:/mnt/c/WINDOWS:/mnt/c/WINDOWS/System32/Wbem:/mnt/c/WINDOWS/System32/WindowsPowerShell/v1.0/:/mnt/c/WINDOWS/System32/OpenSSH/:/mnt/c/Program Files/Intel/WiFi/bin/:/mnt/c/Program Files/Common Files/Intel/WirelessCommon/:/mnt/c/ProgramData/chocolatey/bin:/mnt/c/Program Files/dotnet/:/mnt/c/Program Files/Git/cmd:/mnt/c/Program Files (x86)/Yarn/bin/:/mnt/c/Users/vbdev/AppData/Local/Microsoft/WindowsApps:/mnt/c/Users/vbdev/AppData/Local/Programs/Microsoft VS Code/bin

Yarn version: 
  1.22.5

Node version: 
  12.16.1

Platform: 
  linux x64

Trace: 
  Error: EPERM: operation not permitted, copyfile '/home/vbdev/.cache/yarn/v6/npm-@babel-traverse-7.12.13-689f0e4b4c08587ad26622832632735fb8c4e0c0-integrity/node_modules/@babel/traverse/README.md' -> '/mnt/c/Users/vbdev/Desktop/dev/tesla_app/TeslaClone/node_modules/@babel/traverse/README.md'

npm manifest: 
  {
    "main": "node_modules/expo/AppEntry.js",
    "scripts": {
      "start": "expo start",
      "android": "expo start --android",
      "ios": "expo start --ios",
      "web": "expo start --web",
      "eject": "expo eject"
    },
    "dependencies": {
      "expo": "~40.0.0",
      "expo-status-bar": "~1.0.3",
      "react": "16.13.1",
      "react-dom": "16.13.1",
      "react-native": "https://github.com/expo/react-native/archive/sdk-40.0.1.tar.gz",
      "react-native-web": "~0.13.12"
    },
    "devDependencies": {
      "@babel/core": "~7.9.0"
    },
    "private": true
  }

yarn manifest: 
  No manifest

Lockfile: 
  No lockfile
